"../../../Engine/Content/EngineResources/DefaultTexture.ubulk" 0
"../../../Engine/Content/EngineResources/DefaultTexture.uasset" 1
"../../../Engine/Content/EngineResources/DefaultTexture.uexp" 2
"../../../Engine/Content/EngineResources/DefaultTextureCube.uasset" 3
"../../../Engine/Content/EngineResources/DefaultTextureCube.uexp" 4
"../../../Engine/Content/EngineResources/DefaultVolumeTexture2D.uasset" 5
"../../../Engine/Content/EngineResources/DefaultVolumeTexture2D.uexp" 6
"../../../Engine/Content/EngineResources/DefaultVolumeTexture.uasset" 7
"../../../Engine/Content/EngineResources/DefaultVolumeTexture.uexp" 8
"../../../Engine/Content/EngineMeshes/Sphere.ubulk" 9
"../../../Engine/Content/EngineMeshes/Sphere.uasset" 10
"../../../Engine/Content/EngineMeshes/Sphere.uexp" 11
"../../../Engine/Content/EngineResources/GradientTexture0.uasset" 12
"../../../Engine/Content/EngineResources/GradientTexture0.uexp" 13
"../../../Engine/Content/EngineResources/Black.uasset" 14
"../../../Engine/Content/EngineResources/Black.uexp" 15
"../../../Engine/Content/EngineMaterials/T_Default_Material_Grid_M.ubulk" 16
"../../../Engine/Content/EngineMaterials/T_Default_Material_Grid_M.uasset" 17
"../../../Engine/Content/EngineMaterials/T_Default_Material_Grid_M.uexp" 18
"../../../Engine/Content/EngineMaterials/T_Default_Material_Grid_N.ubulk" 19
"../../../Engine/Content/EngineMaterials/T_Default_Material_Grid_N.uasset" 20
"../../../Engine/Content/EngineMaterials/T_Default_Material_Grid_N.uexp" 21
"../../../Engine/Content/Functions/Engine_MaterialFunctions01/Opacity/CameraDepthFade.uasset" 22
"../../../Engine/Content/Functions/Engine_MaterialFunctions01/Opacity/CameraDepthFade.uexp" 23
"../../../Engine/Content/EngineMaterials/WorldGridMaterial.uasset" 24
"../../../Engine/Content/EngineMaterials/WorldGridMaterial.uexp" 25
"../../../Engine/Content/ArtTools/RenderToTexture/Meshes/S_1_Unit_Plane.ubulk" 26
"../../../Engine/Content/ArtTools/RenderToTexture/Meshes/S_1_Unit_Plane.uasset" 27
"../../../Engine/Content/ArtTools/RenderToTexture/Meshes/S_1_Unit_Plane.uexp" 28
"../../../Engine/Plugins/Media/MediaPlate/Content/SM_MediaPlateScreen.ubulk" 29
"../../../Engine/Plugins/Media/MediaPlate/Content/SM_MediaPlateScreen.uasset" 30
"../../../Engine/Plugins/Media/MediaPlate/Content/SM_MediaPlateScreen.uexp" 31
"../../../Engine/Content/EngineMaterials/DefaultBokeh.uasset" 32
"../../../Engine/Content/EngineMaterials/DefaultBokeh.uexp" 33
"../../../Engine/Content/EngineMaterials/MiniFont.uasset" 34
"../../../Engine/Content/EngineMaterials/MiniFont.uexp" 35
"../../../Engine/Content/EngineMaterials/WeightMapPlaceholderTexture.uasset" 36
"../../../Engine/Content/EngineMaterials/WeightMapPlaceholderTexture.uexp" 37
"../../../Engine/Content/EngineMaterials/WeightMapArrayPlaceholderTexture.uasset" 38
"../../../Engine/Content/EngineMaterials/WeightMapArrayPlaceholderTexture.uexp" 39
"../../../Engine/Content/EngineMaterials/DefaultWhiteGrid.ubulk" 40
"../../../Engine/Content/EngineMaterials/DefaultWhiteGrid.uasset" 41
"../../../Engine/Content/EngineMaterials/DefaultWhiteGrid.uexp" 42
"../../../Engine/Content/EngineMaterials/PreintegratedSkinBRDF.uasset" 43
"../../../Engine/Content/EngineMaterials/PreintegratedSkinBRDF.uexp" 44
"../../../Engine/Content/Functions/Engine_MaterialFunctions02/WorldPositionOffset/CameraOffset.uasset" 45
"../../../Engine/Content/Functions/Engine_MaterialFunctions02/WorldPositionOffset/CameraOffset.uexp" 46
"../../../Engine/Plugins/Animation/ControlRig/Content/M_Manip.uasset" 47
"../../../Engine/Plugins/Animation/ControlRig/Content/M_Manip.uexp" 48
"../../../Engine/Plugins/Animation/ACLPlugin/Content/ACLAnimCurveCompressionSettings.uasset" 49
"../../../Engine/Plugins/Animation/ACLPlugin/Content/ACLAnimCurveCompressionSettings.uexp" 50
"../../../Engine/Plugins/Animation/ACLPlugin/Content/ACLAnimBoneCompressionSettings.uasset" 51
"../../../Engine/Plugins/Animation/ACLPlugin/Content/ACLAnimBoneCompressionSettings.uexp" 52
"../../../Engine/Plugins/2D/Paper2D/Content/PlaceholderTextures/DummySpriteTexture.ubulk" 53
"../../../Engine/Plugins/2D/Paper2D/Content/PlaceholderTextures/DummySpriteTexture.uasset" 54
"../../../Engine/Plugins/2D/Paper2D/Content/PlaceholderTextures/DummySpriteTexture.uexp" 55
"../../../Engine/Plugins/2D/Paper2D/Content/DefaultSpriteMaterial.uasset" 56
"../../../Engine/Plugins/2D/Paper2D/Content/DefaultSpriteMaterial.uexp" 57
"../../../Engine/Plugins/2D/Paper2D/Content/OpaqueUnlitSpriteMaterial.uasset" 58
"../../../Engine/Plugins/2D/Paper2D/Content/OpaqueUnlitSpriteMaterial.uexp" 59
"../../../Engine/Plugins/2D/Paper2D/Content/MaskedUnlitSpriteMaterial.uasset" 60
"../../../Engine/Plugins/2D/Paper2D/Content/MaskedUnlitSpriteMaterial.uexp" 61
"../../../Engine/Plugins/2D/Paper2D/Content/DummySprite.uasset" 62
"../../../Engine/Plugins/2D/Paper2D/Content/DummySprite.uexp" 63
"../../../Engine/Plugins/2D/Paper2D/Content/DefaultPaperTerrainMaterial.uasset" 64
"../../../Engine/Plugins/2D/Paper2D/Content/DefaultPaperTerrainMaterial.uexp" 65
"../../../Engine/Content/EngineSounds/Master.uasset" 66
"../../../Engine/Content/EngineSounds/Master.uexp" 67
"../../../Engine/Content/EngineResources/WhiteSquareTexture.uasset" 68
"../../../Engine/Content/EngineResources/WhiteSquareTexture.uexp" 69
"../../../Engine/Content/EngineMaterials/Widget3DPassThrough.uasset" 70
"../../../Engine/Content/EngineMaterials/Widget3DPassThrough.uexp" 71
"../../../Engine/Content/EngineMaterials/Widget3DPassThrough_Translucent.uasset" 72
"../../../Engine/Content/EngineMaterials/Widget3DPassThrough_Translucent.uexp" 73
"../../../Engine/Content/EngineMaterials/Widget3DPassThrough_Translucent_OneSided.uasset" 74
"../../../Engine/Content/EngineMaterials/Widget3DPassThrough_Translucent_OneSided.uexp" 75
"../../../Engine/Content/EngineMaterials/Widget3DPassThrough_Opaque.uasset" 76
"../../../Engine/Content/EngineMaterials/Widget3DPassThrough_Opaque.uexp" 77
"../../../Engine/Content/EngineMaterials/Widget3DPassThrough_Opaque_OneSided.uasset" 78
"../../../Engine/Content/EngineMaterials/Widget3DPassThrough_Opaque_OneSided.uexp" 79
"../../../Engine/Content/EngineMaterials/Widget3DPassThrough_Masked_OneSided.uasset" 80
"../../../Engine/Content/EngineMaterials/Widget3DPassThrough_Masked_OneSided.uexp" 81
"../../../Engine/Content/EngineMaterials/Widget3DPassThrough_Masked.uasset" 82
"../../../Engine/Content/EngineMaterials/Widget3DPassThrough_Masked.uexp" 83
"../../../Engine/Content/EngineMaterials/STBlueNoise_vec2_128x128x64.uasset" 84
"../../../Engine/Content/EngineMaterials/STBlueNoise_vec2_128x128x64.uexp" 85
"../../../Engine/Content/EngineMaterials/STBlueNoise_scalar_128x128x64.uasset" 86
"../../../Engine/Content/EngineMaterials/STBlueNoise_scalar_128x128x64.uexp" 87
"../../../Engine/Content/EngineMaterials/RemoveSurfaceMaterial.uasset" 88
"../../../Engine/Content/EngineMaterials/RemoveSurfaceMaterial.uexp" 89
"../../../Engine/Content/EngineMaterials/DefaultCalibrationGrayscale.uasset" 90
"../../../Engine/Content/EngineMaterials/DefaultCalibrationGrayscale.uexp" 91
"../../../Engine/Content/EngineMaterials/PPM_DefaultCalibrationGrayscale.uasset" 92
"../../../Engine/Content/EngineMaterials/PPM_DefaultCalibrationGrayscale.uexp" 93
"../../../Engine/Content/EngineMaterials/DefaultCalibrationColor.uasset" 94
"../../../Engine/Content/EngineMaterials/DefaultCalibrationColor.uexp" 95
"../../../Engine/Content/EngineMaterials/PPM_DefaultCalibrationColor.uasset" 96
"../../../Engine/Content/EngineMaterials/PPM_DefaultCalibrationColor.uexp" 97
"../../../Engine/Content/EngineMaterials/PhAT_JointLimitMaterial.uasset" 98
"../../../Engine/Content/EngineMaterials/PhAT_JointLimitMaterial.uexp" 99
"../../../Engine/Content/EngineMaterials/NaniteHiddenSectionMaterial.uasset" 100
"../../../Engine/Content/EngineMaterials/NaniteHiddenSectionMaterial.uexp" 101
"../../../Engine/Content/EngineMaterials/InvalidLightmapSettings.ubulk" 102
"../../../Engine/Content/EngineMaterials/InvalidLightmapSettings.uasset" 103
"../../../Engine/Content/EngineMaterials/InvalidLightmapSettings.uexp" 104
"../../../Engine/Content/EngineMaterials/M_InvalidLightmapSettings.uasset" 105
"../../../Engine/Content/EngineMaterials/M_InvalidLightmapSettings.uexp" 106
"../../../Engine/Content/EngineMaterials/GizmoMaterial.uasset" 107
"../../../Engine/Content/EngineMaterials/GizmoMaterial.uexp" 108
"../../../Engine/Content/EngineMaterials/BaseFlattenEmissiveMap_VT.uasset" 109
"../../../Engine/Content/EngineMaterials/BaseFlattenEmissiveMap_VT.uexp" 110
"../../../Engine/Content/EngineMaterials/BaseFlattenGrayscaleMap_VT.uasset" 111
"../../../Engine/Content/EngineMaterials/BaseFlattenGrayscaleMap_VT.uexp" 112
"../../../Engine/Content/EngineMaterials/BaseFlattenLinearColor_VT.uasset" 113
"../../../Engine/Content/EngineMaterials/BaseFlattenLinearColor_VT.uexp" 114
"../../../Engine/Content/EngineMaterials/Black_1x1_EXR_Texture_VT.uasset" 115
"../../../Engine/Content/EngineMaterials/Black_1x1_EXR_Texture_VT.uexp" 116
"../../../Engine/Content/EngineMaterials/BaseFlattenDiffuseMap_VT.uasset" 117
"../../../Engine/Content/EngineMaterials/BaseFlattenDiffuseMap_VT.uexp" 118
"../../../Engine/Content/EngineMaterials/BaseFlattenNormalMap_VT.uasset" 119
"../../../Engine/Content/EngineMaterials/BaseFlattenNormalMap_VT.uexp" 120
"../../../Engine/Content/EngineMaterials/FlattenMaterial_WS_Normal_VT.uasset" 121
"../../../Engine/Content/EngineMaterials/FlattenMaterial_WS_Normal_VT.uexp" 122
"../../../Engine/Content/EngineMaterials/FlattenMaterial_VT.uasset" 123
"../../../Engine/Content/EngineMaterials/FlattenMaterial_VT.uexp" 124
"../../../Engine/Content/EngineMaterials/BaseFlattenNormalMap.uasset" 125
"../../../Engine/Content/EngineMaterials/BaseFlattenNormalMap.uexp" 126
"../../../Engine/Content/EngineMaterials/BaseFlattenGrayscaleMap.uasset" 127
"../../../Engine/Content/EngineMaterials/BaseFlattenGrayscaleMap.uexp" 128
"../../../Engine/Content/EngineMaterials/BaseFlattenDiffuseMap.uasset" 129
"../../../Engine/Content/EngineMaterials/BaseFlattenDiffuseMap.uexp" 130
"../../../Engine/Content/Functions/Engine_MaterialFunctions02/PivotPainter2/Black_1x1_EXR_Texture.uasset" 131
"../../../Engine/Content/Functions/Engine_MaterialFunctions02/PivotPainter2/Black_1x1_EXR_Texture.uexp" 132
"../../../Engine/Content/EngineMaterials/BaseFlattenEmissiveMap.uasset" 133
"../../../Engine/Content/EngineMaterials/BaseFlattenEmissiveMap.uexp" 134
"../../../Engine/Content/EngineMaterials/BaseFlattenLinearColor.uasset" 135
"../../../Engine/Content/EngineMaterials/BaseFlattenLinearColor.uexp" 136
"../../../Engine/Content/EngineMaterials/FlattenMaterial.uasset" 137
"../../../Engine/Content/EngineMaterials/FlattenMaterial.uexp" 138
"../../../Engine/Content/EngineMaterials/DefaultWhiteGrid_Low.uasset" 139
"../../../Engine/Content/EngineMaterials/DefaultWhiteGrid_Low.uexp" 140
"../../../Engine/Content/EngineMaterials/EmissiveMeshMaterial.uasset" 141
"../../../Engine/Content/EngineMaterials/EmissiveMeshMaterial.uexp" 142
"../../../Engine/Content/EngineFonts/RobotoDistanceField.uasset" 143
"../../../Engine/Content/EngineFonts/RobotoDistanceField.uexp" 144
"../../../Engine/Content/EngineMaterials/DefaultTextMaterialOpaque.uasset" 145
"../../../Engine/Content/EngineMaterials/DefaultTextMaterialOpaque.uexp" 146
"../../../Engine/Content/EngineMaterials/DefaultDiffuse.ubulk" 147
"../../../Engine/Content/EngineMaterials/DefaultDiffuse.uasset" 148
"../../../Engine/Content/EngineMaterials/DefaultDiffuse.uexp" 149
"../../../Engine/Content/Functions/Engine_MaterialFunctions02/Utility/BreakOutFloat2Components.uasset" 150
"../../../Engine/Content/Functions/Engine_MaterialFunctions02/Utility/BreakOutFloat2Components.uexp" 151
"../../../Engine/Content/EngineMaterials/DefaultPostProcessMaterial.uasset" 152
"../../../Engine/Content/EngineMaterials/DefaultPostProcessMaterial.uexp" 153
"../../../Engine/Content/EngineMaterials/DefaultPhysicalMaterial.uasset" 154
"../../../Engine/Content/EngineMaterials/DefaultPhysicalMaterial.uexp" 155
"../../../Engine/Content/EngineMaterials/DefaultLightFunctionMaterial.uasset" 156
"../../../Engine/Content/EngineMaterials/DefaultLightFunctionMaterial.uexp" 157
"../../../Engine/Content/EngineMaterials/DefaultDestructiblePhysicalMaterial.uasset" 158
"../../../Engine/Content/EngineMaterials/DefaultDestructiblePhysicalMaterial.uexp" 159
"../../../Engine/Content/EngineMaterials/DefaultDeferredDecalMaterial.uasset" 160
"../../../Engine/Content/EngineMaterials/DefaultDeferredDecalMaterial.uexp" 161
"../../../Engine/Content/EngineMaterials/DefaultBloomKernel.uasset" 162
"../../../Engine/Content/EngineMaterials/DefaultBloomKernel.uexp" 163
"../../../Engine/Content/EngineFonts/Faces/RobotoLight.uexp" 164
"../../../Engine/Content/EngineFonts/Faces/RobotoLight.uasset" 165
"../../../Engine/Content/EngineFonts/Faces/RobotoLight.ufont" 166
"../../../Engine/Content/EngineFonts/Faces/RobotoBold.uexp" 167
"../../../Engine/Content/EngineFonts/Faces/RobotoBold.uasset" 168
"../../../Engine/Content/EngineFonts/Faces/RobotoBold.ufont" 169
"../../../Engine/Content/EngineFonts/Faces/RobotoRegular.uexp" 170
"../../../Engine/Content/EngineFonts/Faces/RobotoRegular.uasset" 171
"../../../Engine/Content/EngineFonts/Faces/RobotoRegular.ufont" 172
"../../../Engine/Content/EngineFonts/Faces/DroidSansFallback.uexp" 173
"../../../Engine/Content/EngineFonts/Faces/DroidSansFallback.uasset" 174
"../../../Engine/Content/EngineFonts/Faces/DroidSansFallback.ufont" 175
"../../../Engine/Content/EngineFonts/Faces/RobotoItalic.uexp" 176
"../../../Engine/Content/EngineFonts/Faces/RobotoItalic.uasset" 177
"../../../Engine/Content/EngineFonts/Faces/RobotoItalic.ufont" 178
"../../../Engine/Content/EngineFonts/Faces/RobotoBoldItalic.uexp" 179
"../../../Engine/Content/EngineFonts/Faces/RobotoBoldItalic.uasset" 180
"../../../Engine/Content/EngineFonts/Faces/RobotoBoldItalic.ufont" 181
"../../../Engine/Content/EngineFonts/Roboto.uasset" 182
"../../../Engine/Content/EngineFonts/Roboto.uexp" 183
"../../../Engine/Content/Functions/Engine_MaterialFunctions02/Utility/CameraDirectionVector.uasset" 184
"../../../Engine/Content/Functions/Engine_MaterialFunctions02/Utility/CameraDirectionVector.uexp" 185
"../../../Engine/Content/EngineDebugMaterials/VolumeToRender.uasset" 186
"../../../Engine/Content/EngineDebugMaterials/VolumeToRender.uexp" 187
"../../../Engine/Content/EngineDebugMaterials/M_VolumeRenderSphereTracePP.uasset" 188
"../../../Engine/Content/EngineDebugMaterials/M_VolumeRenderSphereTracePP.uexp" 189
"../../../Engine/Content/EngineDebugMaterials/M_SimpleUnlitTranslucent.uasset" 190
"../../../Engine/Content/EngineDebugMaterials/M_SimpleUnlitTranslucent.uexp" 191
"../../../Engine/Content/EngineDebugMaterials/DebugMeshMaterial.uasset" 192
"../../../Engine/Content/EngineDebugMaterials/DebugMeshMaterial.uexp" 193
"../../../Engine/Content/EngineDebugMaterials/DebugEditorMaterial.uasset" 194
"../../../Engine/Content/EngineDebugMaterials/DebugEditorMaterial.uexp" 195
"../../../Engine/Content/EngineDamageTypes/DmgTypeBP_Environmental.uasset" 196
"../../../Engine/Content/EngineDamageTypes/DmgTypeBP_Environmental.uexp" 197
"../../../Engine/Content/BasicShapes/Plane.ubulk" 198
"../../../Engine/Content/BasicShapes/Plane.uasset" 199
"../../../Engine/Content/BasicShapes/Plane.uexp" 200
"../../../Engine/Content/Animation/DefaultVariableFrameStrippingSettings.uasset" 201
"../../../Engine/Content/Animation/DefaultVariableFrameStrippingSettings.uexp" 202
"../../../Engine/Content/Animation/DefaultRecorderBoneCompression.uasset" 203
"../../../Engine/Content/Animation/DefaultRecorderBoneCompression.uexp" 204
"../../../Engine/Plugins/Interchange/Runtime/Content/Functions/MX_UsdPreviewSurface.uasset" 205
"../../../Engine/Plugins/Interchange/Runtime/Content/Functions/MX_UsdPreviewSurface.uexp" 206
"../../../Engine/Plugins/Interchange/Runtime/Content/Functions/MX_UniformEDF.uasset" 207
"../../../Engine/Plugins/Interchange/Runtime/Content/Functions/MX_UniformEDF.uexp" 208
"../../../Engine/Plugins/Interchange/Runtime/Content/Functions/MX_TranslucentBSDF.uasset" 209
"../../../Engine/Plugins/Interchange/Runtime/Content/Functions/MX_TranslucentBSDF.uexp" 210
"../../../Engine/Plugins/Interchange/Runtime/Content/Functions/MX_ThinFilmBSDF.uasset" 211
"../../../Engine/Plugins/Interchange/Runtime/Content/Functions/MX_ThinFilmBSDF.uexp" 212
"../../../Engine/Plugins/Interchange/Runtime/Content/Functions/MX_SurfaceUnlit.uasset" 213
"../../../Engine/Plugins/Interchange/Runtime/Content/Functions/MX_SurfaceUnlit.uexp" 214
"../../../Engine/Plugins/Interchange/Runtime/Content/Functions/MX_Surface.uasset" 215
"../../../Engine/Plugins/Interchange/Runtime/Content/Functions/MX_Surface.uexp" 216
"../../../Engine/Plugins/Interchange/Runtime/Content/Functions/MX_SubsurfaceBSDF.uasset" 217
"../../../Engine/Plugins/Interchange/Runtime/Content/Functions/MX_SubsurfaceBSDF.uexp" 218
"../../../Engine/Plugins/Interchange/Runtime/Content/Functions/MX_SheenBSDF.uasset" 219
"../../../Engine/Plugins/Interchange/Runtime/Content/Functions/MX_SheenBSDF.uexp" 220
"../../../Engine/Plugins/Interchange/Runtime/Content/Functions/MX_OrenNayarBSDF.uasset" 221
"../../../Engine/Plugins/Interchange/Runtime/Content/Functions/MX_OrenNayarBSDF.uexp" 222
"../../../Engine/Content/Functions/Engine_MaterialFunctions01/Volumetrics/BeersLaw.uasset" 223
"../../../Engine/Content/Functions/Engine_MaterialFunctions01/Volumetrics/BeersLaw.uexp" 224
"../../../Engine/Content/EngineMaterials/Good64x64TilingNoiseHighFreq.uasset" 225
"../../../Engine/Content/EngineMaterials/Good64x64TilingNoiseHighFreq.uexp" 226
"../../../Engine/Content/Functions/Engine_MaterialFunctions02/Texturing/ScreenAlignedPixelToPixelUVs.uasset" 227
"../../../Engine/Content/Functions/Engine_MaterialFunctions02/Texturing/ScreenAlignedPixelToPixelUVs.uexp" 228
"../../../Engine/Plugins/Interchange/Runtime/Content/gltf/MaterialFunctions/MF_Temporal_Blur.uasset" 229
"../../../Engine/Plugins/Interchange/Runtime/Content/gltf/MaterialFunctions/MF_Temporal_Blur.uexp" 230
"../../../Engine/Plugins/Interchange/Runtime/Content/gltf/MaterialFunctions/MF_Fresnel_DS.uasset" 231
"../../../Engine/Plugins/Interchange/Runtime/Content/gltf/MaterialFunctions/MF_Fresnel_DS.uexp" 232
"../../../Engine/Content/Functions/Engine_MaterialFunctions02/Utility/BreakOutFloat3Components.uasset" 233
"../../../Engine/Content/Functions/Engine_MaterialFunctions02/Utility/BreakOutFloat3Components.uexp" 234
"../../../Engine/Plugins/Interchange/Runtime/Content/Functions/MX_Transmission.uasset" 235
"../../../Engine/Plugins/Interchange/Runtime/Content/Functions/MX_Transmission.uexp" 236
"../../../Engine/Plugins/Interchange/Runtime/Content/Functions/MF_OrenNayerView.uasset" 237
"../../../Engine/Plugins/Interchange/Runtime/Content/Functions/MF_OrenNayerView.uexp" 238
"../../../Engine/Plugins/Interchange/Runtime/Content/Functions/MF_SchlickApprox.uasset" 239
"../../../Engine/Plugins/Interchange/Runtime/Content/Functions/MF_SchlickApprox.uexp" 240
"../../../Engine/Plugins/Interchange/Runtime/Content/Utilities/New_LUT.uasset" 241
"../../../Engine/Plugins/Interchange/Runtime/Content/Utilities/New_LUT.uexp" 242
"../../../Engine/Content/Functions/Engine_MaterialFunctions03/Math/RemapValueRange.uasset" 243
"../../../Engine/Content/Functions/Engine_MaterialFunctions03/Math/RemapValueRange.uexp" 244
"../../../Engine/Plugins/Interchange/Runtime/Content/Functions/MF_Iridescence.uasset" 245
"../../../Engine/Plugins/Interchange/Runtime/Content/Functions/MF_Iridescence.uexp" 246
"../../../Engine/Plugins/Interchange/Runtime/Content/Functions/MX_StandardSurface.uasset" 247
"../../../Engine/Plugins/Interchange/Runtime/Content/Functions/MX_StandardSurface.uexp" 248
"../../../Engine/Plugins/Interchange/Runtime/Content/Functions/MX_TransmissionSurface.uasset" 249
"../../../Engine/Plugins/Interchange/Runtime/Content/Functions/MX_TransmissionSurface.uexp" 250
"../../../Engine/Plugins/Interchange/Runtime/Content/Functions/MX_OpenPBR_Translucent.uasset" 251
"../../../Engine/Plugins/Interchange/Runtime/Content/Functions/MX_OpenPBR_Translucent.uexp" 252
"../../../Engine/Plugins/Interchange/Runtime/Content/Functions/MX_OpenPBR_Opaque.uasset" 253
"../../../Engine/Plugins/Interchange/Runtime/Content/Functions/MX_OpenPBR_Opaque.uexp" 254
"../../../Engine/Plugins/Interchange/Runtime/Content/Functions/MX_MeasuredEDF.uasset" 255
"../../../Engine/Plugins/Interchange/Runtime/Content/Functions/MX_MeasuredEDF.uexp" 256
"../../../Engine/Plugins/Interchange/Runtime/Content/Functions/MX_GeneralizedSchlickBSDF.uasset" 257
"../../../Engine/Plugins/Interchange/Runtime/Content/Functions/MX_GeneralizedSchlickBSDF.uexp" 258
"../../../Engine/Plugins/Interchange/Runtime/Content/Functions/MX_DielectricBSDF.uasset" 259
"../../../Engine/Plugins/Interchange/Runtime/Content/Functions/MX_DielectricBSDF.uexp" 260
"../../../Engine/Plugins/Interchange/Runtime/Content/Functions/MX_ConicalEDF.uasset" 261
"../../../Engine/Plugins/Interchange/Runtime/Content/Functions/MX_ConicalEDF.uexp" 262
"../../../Engine/Plugins/Interchange/Runtime/Content/Functions/MX_ConductorBSDF.uasset" 263
"../../../Engine/Plugins/Interchange/Runtime/Content/Functions/MX_ConductorBSDF.uexp" 264
"../../../Engine/Plugins/Interchange/Runtime/Content/Functions/MX_BurleyDiffuseBSDF.uasset" 265
"../../../Engine/Plugins/Interchange/Runtime/Content/Functions/MX_BurleyDiffuseBSDF.uexp" 266
"../../../Engine/Plugins/Interchange/Runtime/Content/Functions/MX_AnisotropicVDF.uasset" 267
"../../../Engine/Plugins/Interchange/Runtime/Content/Functions/MX_AnisotropicVDF.uexp" 268
"../../../Engine/Plugins/Interchange/Runtime/Content/Functions/MX_AbsorptionVDF.uasset" 269
"../../../Engine/Plugins/Interchange/Runtime/Content/Functions/MX_AbsorptionVDF.uexp" 270
"../../../Engine/Plugins/Editor/SpeedTreeImporter/Content/SpeedTree9/game_wind_noise.ubulk" 271
"../../../Engine/Plugins/Editor/SpeedTreeImporter/Content/SpeedTree9/game_wind_noise.uasset" 272
"../../../Engine/Plugins/Editor/SpeedTreeImporter/Content/SpeedTree9/game_wind_noise.uexp" 273
"../../../Engine/Plugins/Editor/SpeedTreeImporter/Content/SpeedTree9/UnpackDirection.uasset" 274
"../../../Engine/Plugins/Editor/SpeedTreeImporter/Content/SpeedTree9/UnpackDirection.uexp" 275
"../../../Engine/Content/Functions/Engine_MaterialFunctions02/ObjectLocalBounds.uasset" 276
"../../../Engine/Content/Functions/Engine_MaterialFunctions02/ObjectLocalBounds.uexp" 277
"../../../Engine/Content/Functions/Engine_MaterialFunctions02/UVs/BoundingBoxBased_0-1_UVW.uasset" 278
"../../../Engine/Content/Functions/Engine_MaterialFunctions02/UVs/BoundingBoxBased_0-1_UVW.uexp" 279
"../../../Engine/Content/Functions/Engine_MaterialFunctions02/Utility/VectorLength.uasset" 280
"../../../Engine/Content/Functions/Engine_MaterialFunctions02/Utility/VectorLength.uexp" 281
"../../../Engine/Plugins/Editor/SpeedTreeImporter/Content/SpeedTree9/UnpackInteger3.uasset" 282
"../../../Engine/Plugins/Editor/SpeedTreeImporter/Content/SpeedTree9/UnpackInteger3.uexp" 283
"../../../Engine/Plugins/Editor/SpeedTreeImporter/Content/SpeedTree9/SpeedTreeCameraFacing.uasset" 284
"../../../Engine/Plugins/Editor/SpeedTreeImporter/Content/SpeedTree9/SpeedTreeCameraFacing.uexp" 285
"../../../Engine/Content/Functions/Engine_MaterialFunctions02/WorldPositionOffset/ObjectScale.uasset" 286
"../../../Engine/Content/Functions/Engine_MaterialFunctions02/WorldPositionOffset/ObjectScale.uexp" 287
"../../../Engine/Content/Functions/Engine_MaterialFunctions02/SafeNormalize.uasset" 288
"../../../Engine/Content/Functions/Engine_MaterialFunctions02/SafeNormalize.uexp" 289
"../../../Engine/Plugins/Editor/SpeedTreeImporter/Content/SpeedTree9/SpeedTreeWindMotion.uasset" 290
"../../../Engine/Plugins/Editor/SpeedTreeImporter/Content/SpeedTree9/SpeedTreeWindMotion.uexp" 291
"../../../Engine/Plugins/Editor/SpeedTreeImporter/Content/SpeedTree9/SpeedTreeBranchMotion.uasset" 292
"../../../Engine/Plugins/Editor/SpeedTreeImporter/Content/SpeedTree9/SpeedTreeBranchMotion.uexp" 293
"../../../Engine/Plugins/Editor/SpeedTreeImporter/Content/SpeedTree9/SpeedTreeWind.uasset" 294
"../../../Engine/Plugins/Editor/SpeedTreeImporter/Content/SpeedTree9/SpeedTreeWind.uexp" 295
"../../../Engine/Plugins/Editor/SpeedTreeImporter/Content/SpeedTree9/EmptyNormal.uasset" 296
"../../../Engine/Plugins/Editor/SpeedTreeImporter/Content/SpeedTree9/EmptyNormal.uexp" 297
"../../../Engine/Plugins/Editor/SpeedTreeImporter/Content/SpeedTree9/Empty.uasset" 298
"../../../Engine/Plugins/Editor/SpeedTreeImporter/Content/SpeedTree9/Empty.uexp" 299
"../../../Engine/Plugins/Editor/SpeedTreeImporter/Content/SpeedTree9/SpeedTreeMaster.uasset" 300
"../../../Engine/Plugins/Editor/SpeedTreeImporter/Content/SpeedTree9/SpeedTreeMaster.uexp" 301
"../../../Engine/Plugins/Editor/SpeedTreeImporter/Content/SpeedTree9/SpeedTreeBillboard.uasset" 302
"../../../Engine/Plugins/Editor/SpeedTreeImporter/Content/SpeedTree9/SpeedTreeBillboard.uexp" 303
"../../../Engine/Plugins/Editor/SpeedTreeImporter/Content/SpeedTree9/SpeedTreeBillboardMaster.uasset" 304
"../../../Engine/Plugins/Editor/SpeedTreeImporter/Content/SpeedTree9/SpeedTreeBillboardMaster.uexp" 305
"../../../Engine/Plugins/Animation/ControlRig/Content/Controls/DefaultGizmoLibraryNormalized.uasset" 306
"../../../Engine/Plugins/Animation/ControlRig/Content/Controls/DefaultGizmoLibraryNormalized.uexp" 307
"../../../Engine/Plugins/Animation/ControlRig/Content/Controls/ControlRig_Wedge_solid.ubulk" 308
"../../../Engine/Plugins/Animation/ControlRig/Content/Controls/ControlRig_Wedge_solid.uasset" 309
"../../../Engine/Plugins/Animation/ControlRig/Content/Controls/ControlRig_Wedge_solid.uexp" 310
"../../../Engine/Plugins/Animation/ControlRig/Content/Controls/ControlRig_Wedge_3mm.ubulk" 311
"../../../Engine/Plugins/Animation/ControlRig/Content/Controls/ControlRig_Wedge_3mm.uasset" 312
"../../../Engine/Plugins/Animation/ControlRig/Content/Controls/ControlRig_Wedge_3mm.uexp" 313
"../../../Engine/Plugins/Animation/ControlRig/Content/Controls/ControlRig_Wedge_1mm.ubulk" 314
"../../../Engine/Plugins/Animation/ControlRig/Content/Controls/ControlRig_Wedge_1mm.uasset" 315
"../../../Engine/Plugins/Animation/ControlRig/Content/Controls/ControlRig_Wedge_1mm.uexp" 316
"../../../Engine/Plugins/Animation/ControlRig/Content/Controls/ControlRig_Triangle_solid.ubulk" 317
"../../../Engine/Plugins/Animation/ControlRig/Content/Controls/ControlRig_Triangle_solid.uasset" 318
"../../../Engine/Plugins/Animation/ControlRig/Content/Controls/ControlRig_Triangle_solid.uexp" 319
"../../../Engine/Plugins/Animation/ControlRig/Content/Controls/ControlRig_Triangle_3mm.ubulk" 320
"../../../Engine/Plugins/Animation/ControlRig/Content/Controls/ControlRig_Triangle_3mm.uasset" 321
"../../../Engine/Plugins/Animation/ControlRig/Content/Controls/ControlRig_Triangle_3mm.uexp" 322
"../../../Engine/Plugins/Animation/ControlRig/Content/Controls/ControlRig_Triangle_1mm.ubulk" 323
"../../../Engine/Plugins/Animation/ControlRig/Content/Controls/ControlRig_Triangle_1mm.uasset" 324
"../../../Engine/Plugins/Animation/ControlRig/Content/Controls/ControlRig_Triangle_1mm.uexp" 325
"../../../Engine/Plugins/Animation/ControlRig/Content/Controls/ControlRig_Star4_solid.ubulk" 326
"../../../Engine/Plugins/Animation/ControlRig/Content/Controls/ControlRig_Star4_solid.uasset" 327
"../../../Engine/Plugins/Animation/ControlRig/Content/Controls/ControlRig_Star4_solid.uexp" 328
"../../../Engine/Plugins/Animation/ControlRig/Content/Controls/ControlRig_Star4_3mm.ubulk" 329
"../../../Engine/Plugins/Animation/ControlRig/Content/Controls/ControlRig_Star4_3mm.uasset" 330
"../../../Engine/Plugins/Animation/ControlRig/Content/Controls/ControlRig_Star4_3mm.uexp" 331
"../../../Engine/Plugins/Animation/ControlRig/Content/Controls/ControlRig_Star4_1mm.ubulk" 332
"../../../Engine/Plugins/Animation/ControlRig/Content/Controls/ControlRig_Star4_1mm.uasset" 333
"../../../Engine/Plugins/Animation/ControlRig/Content/Controls/ControlRig_Star4_1mm.uexp" 334
"../../../Engine/Plugins/Animation/ControlRig/Content/Controls/ControlRig_Square_solid.ubulk" 335
"../../../Engine/Plugins/Animation/ControlRig/Content/Controls/ControlRig_Square_solid.uasset" 336
"../../../Engine/Plugins/Animation/ControlRig/Content/Controls/ControlRig_Square_solid.uexp" 337
"../../../Engine/Plugins/Animation/ControlRig/Content/Controls/ControlRig_Square_3mm.ubulk" 338
"../../../Engine/Plugins/Animation/ControlRig/Content/Controls/ControlRig_Square_3mm.uasset" 339
"../../../Engine/Plugins/Animation/ControlRig/Content/Controls/ControlRig_Square_3mm.uexp" 340
"../../../Engine/Plugins/Animation/ControlRig/Content/Controls/ControlRig_Square_1mm.ubulk" 341
"../../../Engine/Plugins/Animation/ControlRig/Content/Controls/ControlRig_Square_1mm.uasset" 342
"../../../Engine/Plugins/Animation/ControlRig/Content/Controls/ControlRig_Square_1mm.uexp" 343
"../../../Engine/Plugins/Animation/ControlRig/Content/Controls/ControlRig_Sphere_solid.ubulk" 344
"../../../Engine/Plugins/Animation/ControlRig/Content/Controls/ControlRig_Sphere_solid.uasset" 345
"../../../Engine/Plugins/Animation/ControlRig/Content/Controls/ControlRig_Sphere_solid.uexp" 346
"../../../Engine/Plugins/Animation/ControlRig/Content/Controls/ControlRig_Sphere_3mm.ubulk" 347
"../../../Engine/Plugins/Animation/ControlRig/Content/Controls/ControlRig_Sphere_3mm.uasset" 348
"../../../Engine/Plugins/Animation/ControlRig/Content/Controls/ControlRig_Sphere_3mm.uexp" 349
"../../../Engine/Plugins/Animation/ControlRig/Content/Controls/ControlRig_Sphere_1mm.ubulk" 350
"../../../Engine/Plugins/Animation/ControlRig/Content/Controls/ControlRig_Sphere_1mm.uasset" 351
"../../../Engine/Plugins/Animation/ControlRig/Content/Controls/ControlRig_Sphere_1mm.uexp" 352
"../../../Engine/Plugins/Animation/ControlRig/Content/Controls/ControlRig_RoundedTriangle_solid.ubulk" 353
"../../../Engine/Plugins/Animation/ControlRig/Content/Controls/ControlRig_RoundedTriangle_solid.uasset" 354
"../../../Engine/Plugins/Animation/ControlRig/Content/Controls/ControlRig_RoundedTriangle_solid.uexp" 355
"../../../Engine/Plugins/Animation/ControlRig/Content/Controls/ControlRig_RoundedTriangle_3mm.ubulk" 356
"../../../Engine/Plugins/Animation/ControlRig/Content/Controls/ControlRig_RoundedTriangle_3mm.uasset" 357
"../../../Engine/Plugins/Animation/ControlRig/Content/Controls/ControlRig_RoundedTriangle_3mm.uexp" 358
"../../../Engine/Plugins/Animation/ControlRig/Content/Controls/ControlRig_RoundedTriangle_1mm.ubulk" 359
"../../../Engine/Plugins/Animation/ControlRig/Content/Controls/ControlRig_RoundedTriangle_1mm.uasset" 360
"../../../Engine/Plugins/Animation/ControlRig/Content/Controls/ControlRig_RoundedTriangle_1mm.uexp" 361
"../../../Engine/Plugins/Animation/ControlRig/Content/Controls/ControlRig_RoundedSquare_solid.ubulk" 362
"../../../Engine/Plugins/Animation/ControlRig/Content/Controls/ControlRig_RoundedSquare_solid.uasset" 363
"../../../Engine/Plugins/Animation/ControlRig/Content/Controls/ControlRig_RoundedSquare_solid.uexp" 364
"../../../Engine/Plugins/Animation/ControlRig/Content/Controls/ControlRig_RoundedSquare_3mm.ubulk" 365
"../../../Engine/Plugins/Animation/ControlRig/Content/Controls/ControlRig_RoundedSquare_3mm.uasset" 366
"../../../Engine/Plugins/Animation/ControlRig/Content/Controls/ControlRig_RoundedSquare_3mm.uexp" 367
"../../../Engine/Plugins/Animation/ControlRig/Content/Controls/ControlRig_RoundedSquare_1mm.ubulk" 368
"../../../Engine/Plugins/Animation/ControlRig/Content/Controls/ControlRig_RoundedSquare_1mm.uasset" 369
"../../../Engine/Plugins/Animation/ControlRig/Content/Controls/ControlRig_RoundedSquare_1mm.uexp" 370
"../../../Engine/Plugins/Animation/ControlRig/Content/Controls/ControlRig_QuarterCircle_solid.ubulk" 371
"../../../Engine/Plugins/Animation/ControlRig/Content/Controls/ControlRig_QuarterCircle_solid.uasset" 372
"../../../Engine/Plugins/Animation/ControlRig/Content/Controls/ControlRig_QuarterCircle_solid.uexp" 373
"../../../Engine/Plugins/Animation/ControlRig/Content/Controls/ControlRig_QuarterCircle_3mm.ubulk" 374
"../../../Engine/Plugins/Animation/ControlRig/Content/Controls/ControlRig_QuarterCircle_3mm.uasset" 375
"../../../Engine/Plugins/Animation/ControlRig/Content/Controls/ControlRig_QuarterCircle_3mm.uexp" 376
"../../../Engine/Plugins/Animation/ControlRig/Content/Controls/ControlRig_QuarterCircle_1mm.ubulk" 377
"../../../Engine/Plugins/Animation/ControlRig/Content/Controls/ControlRig_QuarterCircle_1mm.uasset" 378
"../../../Engine/Plugins/Animation/ControlRig/Content/Controls/ControlRig_QuarterCircle_1mm.uexp" 379
"../../../Engine/Plugins/Animation/ControlRig/Content/Controls/ControlRig_Pyramid_solid.ubulk" 380
"../../../Engine/Plugins/Animation/ControlRig/Content/Controls/ControlRig_Pyramid_solid.uasset" 381
"../../../Engine/Plugins/Animation/ControlRig/Content/Controls/ControlRig_Pyramid_solid.uexp" 382
"../../../Engine/Plugins/Animation/ControlRig/Content/Controls/ControlRig_Pyramid_3mm.ubulk" 383
"../../../Engine/Plugins/Animation/ControlRig/Content/Controls/ControlRig_Pyramid_3mm.uasset" 384
"../../../Engine/Plugins/Animation/ControlRig/Content/Controls/ControlRig_Pyramid_3mm.uexp" 385
"../../../Engine/Plugins/Animation/ControlRig/Content/Controls/ControlRig_Pyramid_1mm.ubulk" 386
"../../../Engine/Plugins/Animation/ControlRig/Content/Controls/ControlRig_Pyramid_1mm.uasset" 387
"../../../Engine/Plugins/Animation/ControlRig/Content/Controls/ControlRig_Pyramid_1mm.uexp" 388
"../../../Engine/Plugins/Animation/ControlRig/Content/Controls/ControlRig_Octagon_solid.ubulk" 389
"../../../Engine/Plugins/Animation/ControlRig/Content/Controls/ControlRig_Octagon_solid.uasset" 390
"../../../Engine/Plugins/Animation/ControlRig/Content/Controls/ControlRig_Octagon_solid.uexp" 391
"../../../Engine/Plugins/Animation/ControlRig/Content/Controls/ControlRig_Octagon_3mm.ubulk" 392
"../../../Engine/Plugins/Animation/ControlRig/Content/Controls/ControlRig_Octagon_3mm.uasset" 393
"../../../Engine/Plugins/Animation/ControlRig/Content/Controls/ControlRig_Octagon_3mm.uexp" 394
"../../../Engine/Plugins/Animation/ControlRig/Content/Controls/ControlRig_Octagon_1mm.ubulk" 395
"../../../Engine/Plugins/Animation/ControlRig/Content/Controls/ControlRig_Octagon_1mm.uasset" 396
"../../../Engine/Plugins/Animation/ControlRig/Content/Controls/ControlRig_Octagon_1mm.uexp" 397
"../../../Engine/Plugins/Animation/ControlRig/Content/Controls/ControlRig_Hexagon_solid.ubulk" 398
"../../../Engine/Plugins/Animation/ControlRig/Content/Controls/ControlRig_Hexagon_solid.uasset" 399
"../../../Engine/Plugins/Animation/ControlRig/Content/Controls/ControlRig_Hexagon_solid.uexp" 400
"../../../Engine/Plugins/Animation/ControlRig/Content/Controls/ControlRig_Hexagon_3mm.ubulk" 401
"../../../Engine/Plugins/Animation/ControlRig/Content/Controls/ControlRig_Hexagon_3mm.uasset" 402
"../../../Engine/Plugins/Animation/ControlRig/Content/Controls/ControlRig_Hexagon_3mm.uexp" 403
"../../../Engine/Plugins/Animation/ControlRig/Content/Controls/ControlRig_Hexagon_1mm.ubulk" 404
"../../../Engine/Plugins/Animation/ControlRig/Content/Controls/ControlRig_Hexagon_1mm.uasset" 405
"../../../Engine/Plugins/Animation/ControlRig/Content/Controls/ControlRig_Hexagon_1mm.uexp" 406
"../../../Engine/Plugins/Animation/ControlRig/Content/Controls/ControlRig_HalfCircle_solid.ubulk" 407
"../../../Engine/Plugins/Animation/ControlRig/Content/Controls/ControlRig_HalfCircle_solid.uasset" 408
"../../../Engine/Plugins/Animation/ControlRig/Content/Controls/ControlRig_HalfCircle_solid.uexp" 409
"../../../Engine/Plugins/Animation/ControlRig/Content/Controls/ControlRig_HalfCircle_3mm.ubulk" 410
"../../../Engine/Plugins/Animation/ControlRig/Content/Controls/ControlRig_HalfCircle_3mm.uasset" 411
"../../../Engine/Plugins/Animation/ControlRig/Content/Controls/ControlRig_HalfCircle_3mm.uexp" 412
"../../../Engine/Plugins/Animation/ControlRig/Content/Controls/ControlRig_HalfCircle_1mm.ubulk" 413
"../../../Engine/Plugins/Animation/ControlRig/Content/Controls/ControlRig_HalfCircle_1mm.uasset" 414
"../../../Engine/Plugins/Animation/ControlRig/Content/Controls/ControlRig_HalfCircle_1mm.uexp" 415
"../../../Engine/Plugins/Animation/ControlRig/Content/Controls/ControlRig_Diamond_solid.ubulk" 416
"../../../Engine/Plugins/Animation/ControlRig/Content/Controls/ControlRig_Diamond_solid.uasset" 417
"../../../Engine/Plugins/Animation/ControlRig/Content/Controls/ControlRig_Diamond_solid.uexp" 418
"../../../Engine/Plugins/Animation/ControlRig/Content/Controls/ControlRig_Diamond_3mm.ubulk" 419
"../../../Engine/Plugins/Animation/ControlRig/Content/Controls/ControlRig_Diamond_3mm.uasset" 420
"../../../Engine/Plugins/Animation/ControlRig/Content/Controls/ControlRig_Diamond_3mm.uexp" 421
"../../../Engine/Plugins/Animation/ControlRig/Content/Controls/ControlRig_Diamond_1mm.ubulk" 422
"../../../Engine/Plugins/Animation/ControlRig/Content/Controls/ControlRig_Diamond_1mm.uasset" 423
"../../../Engine/Plugins/Animation/ControlRig/Content/Controls/ControlRig_Diamond_1mm.uexp" 424
"../../../Engine/Plugins/Animation/ControlRig/Content/Controls/ControlRig_Circle_solid.ubulk" 425
"../../../Engine/Plugins/Animation/ControlRig/Content/Controls/ControlRig_Circle_solid.uasset" 426
"../../../Engine/Plugins/Animation/ControlRig/Content/Controls/ControlRig_Circle_solid.uexp" 427
"../../../Engine/Plugins/Animation/ControlRig/Content/Controls/ControlRig_Circle_3mm.ubulk" 428
"../../../Engine/Plugins/Animation/ControlRig/Content/Controls/ControlRig_Circle_3mm.uasset" 429
"../../../Engine/Plugins/Animation/ControlRig/Content/Controls/ControlRig_Circle_3mm.uexp" 430
"../../../Engine/Plugins/Animation/ControlRig/Content/Controls/ControlRig_Circle_1mm.ubulk" 431
"../../../Engine/Plugins/Animation/ControlRig/Content/Controls/ControlRig_Circle_1mm.uasset" 432
"../../../Engine/Plugins/Animation/ControlRig/Content/Controls/ControlRig_Circle_1mm.uexp" 433
"../../../Engine/Plugins/Animation/ControlRig/Content/Controls/ControlRig_Box_solid.ubulk" 434
"../../../Engine/Plugins/Animation/ControlRig/Content/Controls/ControlRig_Box_solid.uasset" 435
"../../../Engine/Plugins/Animation/ControlRig/Content/Controls/ControlRig_Box_solid.uexp" 436
"../../../Engine/Plugins/Animation/ControlRig/Content/Controls/ControlRig_Box_3mm.ubulk" 437
"../../../Engine/Plugins/Animation/ControlRig/Content/Controls/ControlRig_Box_3mm.uasset" 438
"../../../Engine/Plugins/Animation/ControlRig/Content/Controls/ControlRig_Box_3mm.uexp" 439
"../../../Engine/Plugins/Animation/ControlRig/Content/Controls/ControlRig_Box_1mm.ubulk" 440
"../../../Engine/Plugins/Animation/ControlRig/Content/Controls/ControlRig_Box_1mm.uasset" 441
"../../../Engine/Plugins/Animation/ControlRig/Content/Controls/ControlRig_Box_1mm.uexp" 442
"../../../Engine/Plugins/Animation/ControlRig/Content/Controls/ControlRig_Arrow_solid.ubulk" 443
"../../../Engine/Plugins/Animation/ControlRig/Content/Controls/ControlRig_Arrow_solid.uasset" 444
"../../../Engine/Plugins/Animation/ControlRig/Content/Controls/ControlRig_Arrow_solid.uexp" 445
"../../../Engine/Plugins/Animation/ControlRig/Content/Controls/ControlRig_Arrow_3mm.ubulk" 446
"../../../Engine/Plugins/Animation/ControlRig/Content/Controls/ControlRig_Arrow_3mm.uasset" 447
"../../../Engine/Plugins/Animation/ControlRig/Content/Controls/ControlRig_Arrow_3mm.uexp" 448
"../../../Engine/Plugins/Animation/ControlRig/Content/Controls/ControlRig_Arrow_1mm.ubulk" 449
"../../../Engine/Plugins/Animation/ControlRig/Content/Controls/ControlRig_Arrow_1mm.uasset" 450
"../../../Engine/Plugins/Animation/ControlRig/Content/Controls/ControlRig_Arrow_1mm.uexp" 451
"../../../Engine/Plugins/Animation/ControlRig/Content/Controls/ControlRig_Arrow4_solid.ubulk" 452
"../../../Engine/Plugins/Animation/ControlRig/Content/Controls/ControlRig_Arrow4_solid.uasset" 453
"../../../Engine/Plugins/Animation/ControlRig/Content/Controls/ControlRig_Arrow4_solid.uexp" 454
"../../../Engine/Plugins/Animation/ControlRig/Content/Controls/ControlRig_Arrow4_3mm.ubulk" 455
"../../../Engine/Plugins/Animation/ControlRig/Content/Controls/ControlRig_Arrow4_3mm.uasset" 456
"../../../Engine/Plugins/Animation/ControlRig/Content/Controls/ControlRig_Arrow4_3mm.uexp" 457
"../../../Engine/Plugins/Animation/ControlRig/Content/Controls/ControlRig_Arrow4_1mm.ubulk" 458
"../../../Engine/Plugins/Animation/ControlRig/Content/Controls/ControlRig_Arrow4_1mm.uasset" 459
"../../../Engine/Plugins/Animation/ControlRig/Content/Controls/ControlRig_Arrow4_1mm.uexp" 460
"../../../Engine/Plugins/Animation/ControlRig/Content/Controls/ControlRig_Arrow2_solid.ubulk" 461
"../../../Engine/Plugins/Animation/ControlRig/Content/Controls/ControlRig_Arrow2_solid.uasset" 462
"../../../Engine/Plugins/Animation/ControlRig/Content/Controls/ControlRig_Arrow2_solid.uexp" 463
"../../../Engine/Plugins/Animation/ControlRig/Content/Controls/ControlRig_Arrow2_3mm.ubulk" 464
"../../../Engine/Plugins/Animation/ControlRig/Content/Controls/ControlRig_Arrow2_3mm.uasset" 465
"../../../Engine/Plugins/Animation/ControlRig/Content/Controls/ControlRig_Arrow2_3mm.uexp" 466
"../../../Engine/Plugins/Animation/ControlRig/Content/Controls/ControlRig_Arrow2_1mm.ubulk" 467
"../../../Engine/Plugins/Animation/ControlRig/Content/Controls/ControlRig_Arrow2_1mm.uasset" 468
"../../../Engine/Plugins/Animation/ControlRig/Content/Controls/ControlRig_Arrow2_1mm.uexp" 469
"../../../Engine/Plugins/Animation/ControlRig/Content/Controls/ControlRigXRayMaterial.uasset" 470
"../../../Engine/Plugins/Animation/ControlRig/Content/Controls/ControlRigXRayMaterial.uexp" 471
"../../../Engine/Plugins/Animation/ControlRig/Content/Controls/ControlRigGizmoMaterial.uasset" 472
"../../../Engine/Plugins/Animation/ControlRig/Content/Controls/ControlRigGizmoMaterial.uexp" 473
"../../../Engine/Content/Functions/Engine_MaterialFunctions02/Math/Transform3x3Matrix.uasset" 474
"../../../Engine/Content/Functions/Engine_MaterialFunctions02/Math/Transform3x3Matrix.uexp" 475
"../../../Engine/Content/Functions/Engine_MaterialFunctions02/SplitComponents.uasset" 476
"../../../Engine/Content/Functions/Engine_MaterialFunctions02/SplitComponents.uexp" 477
"../../../Engine/Content/Functions/Engine_MaterialFunctions02/Utility/MakeFloat3.uasset" 478
"../../../Engine/Content/Functions/Engine_MaterialFunctions02/Utility/MakeFloat3.uexp" 479
"../../../Engine/Content/EngineSky/VolumetricClouds/CloudWeatherTexture.uasset" 480
"../../../Engine/Content/EngineSky/VolumetricClouds/CloudWeatherTexture.uexp" 481
"../../../Engine/Content/Functions/Engine_MaterialFunctions02/Utility/MakeFloat2.uasset" 482
"../../../Engine/Content/Functions/Engine_MaterialFunctions02/Utility/MakeFloat2.uexp" 483
"../../../Engine/Content/EngineSky/VolumetricClouds/CloudGradientTexture.uasset" 484
"../../../Engine/Content/EngineSky/VolumetricClouds/CloudGradientTexture.uexp" 485
"../../../Engine/Content/EngineSky/VolumetricClouds/T_NoiseShape64.ubulk" 486
"../../../Engine/Content/EngineSky/VolumetricClouds/T_NoiseShape64.uasset" 487
"../../../Engine/Content/EngineSky/VolumetricClouds/T_NoiseShape64.uexp" 488
"../../../Engine/Content/EngineSky/VolumetricClouds/T_VolumeNoiseShape64.uasset" 489
"../../../Engine/Content/EngineSky/VolumetricClouds/T_VolumeNoiseShape64.uexp" 490
"../../../Engine/Content/EngineSky/VolumetricClouds/T_NoiseErosion.ubulk" 491
"../../../Engine/Content/EngineSky/VolumetricClouds/T_NoiseErosion.uasset" 492
"../../../Engine/Content/EngineSky/VolumetricClouds/T_NoiseErosion.uexp" 493
"../../../Engine/Content/EngineSky/VolumetricClouds/T_VolumeNoiseErosion32.uasset" 494
"../../../Engine/Content/EngineSky/VolumetricClouds/T_VolumeNoiseErosion32.uexp" 495
"../../../Engine/Content/EngineSky/VolumetricClouds/m_SimpleVolumetricCloud.uasset" 496
"../../../Engine/Content/EngineSky/VolumetricClouds/m_SimpleVolumetricCloud.uexp" 497
"../../../Engine/Content/EngineSky/VolumetricClouds/m_SimpleVolumetricCloud_Inst.uasset" 498
"../../../Engine/Content/EngineSky/VolumetricClouds/m_SimpleVolumetricCloud_Inst.uexp" 499
"../../../Engine/Content/EngineResources/FilmGrains/Marcie_Grain_v3_128_M2_000.uasset" 500
"../../../Engine/Content/EngineResources/FilmGrains/Marcie_Grain_v3_128_M2_000.uexp" 501
"../../../Engine/Plugins/Runtime/MeshModelingToolset/Content/Materials/M_DynamicMeshComponentVtxColor.uasset" 502
"../../../Engine/Plugins/Runtime/MeshModelingToolset/Content/Materials/M_DynamicMeshComponentVtxColor.uexp" 503
"../../../Engine/Plugins/Interchange/Runtime/Content/Pipelines/DefaultTexturePipeline.uasset" 504
"../../../Engine/Plugins/Interchange/Runtime/Content/Pipelines/DefaultTexturePipeline.uexp" 505
"../../../Engine/Plugins/Interchange/Runtime/Content/Pipelines/DefaultSceneLevelPipeline.uasset" 506
"../../../Engine/Plugins/Interchange/Runtime/Content/Pipelines/DefaultSceneLevelPipeline.uexp" 507
"../../../Engine/Plugins/Interchange/Runtime/Content/Pipelines/DefaultSceneAssetsPipeline.uasset" 508
"../../../Engine/Plugins/Interchange/Runtime/Content/Pipelines/DefaultSceneAssetsPipeline.uexp" 509
"../../../Engine/Plugins/Interchange/Runtime/Content/Pipelines/DefaultMaterialXPipeline.uasset" 510
"../../../Engine/Plugins/Interchange/Runtime/Content/Pipelines/DefaultMaterialXPipeline.uexp" 511
"../../../Engine/Plugins/Interchange/Runtime/Content/Pipelines/DefaultMaterialPipeline.uasset" 512
"../../../Engine/Plugins/Interchange/Runtime/Content/Pipelines/DefaultMaterialPipeline.uexp" 513
"../../../Engine/Plugins/Interchange/Runtime/Content/Pipelines/DefaultGLTFSceneAssetsPipeline.uasset" 514
"../../../Engine/Plugins/Interchange/Runtime/Content/Pipelines/DefaultGLTFSceneAssetsPipeline.uexp" 515
"../../../Engine/Plugins/Interchange/Runtime/Content/Pipelines/DefaultGLTFPipeline.uasset" 516
"../../../Engine/Plugins/Interchange/Runtime/Content/Pipelines/DefaultGLTFPipeline.uexp" 517
"../../../Engine/Plugins/Interchange/Runtime/Content/Pipelines/DefaultGLTFAssetsPipeline.uasset" 518
"../../../Engine/Plugins/Interchange/Runtime/Content/Pipelines/DefaultGLTFAssetsPipeline.uexp" 519
"../../../Engine/Plugins/Interchange/Runtime/Content/Pipelines/DefaultAssetsPipeline.uasset" 520
"../../../Engine/Plugins/Interchange/Runtime/Content/Pipelines/DefaultAssetsPipeline.uexp" 521
"../../../Engine/Plugins/Interchange/Runtime/Content/gltf/MaterialFunctions/MF_RotateV2.uasset" 522
"../../../Engine/Plugins/Interchange/Runtime/Content/gltf/MaterialFunctions/MF_RotateV2.uexp" 523
"../../../Engine/Plugins/Interchange/Runtime/Content/gltf/MaterialFunctions/MF_TransformUVs.uasset" 524
"../../../Engine/Plugins/Interchange/Runtime/Content/gltf/MaterialFunctions/MF_TransformUVs.uexp" 525
"../../../Engine/Plugins/Interchange/Runtime/Content/gltf/Textures/T_White_srgb.uasset" 526
"../../../Engine/Plugins/Interchange/Runtime/Content/gltf/Textures/T_White_srgb.uexp" 527
"../../../Engine/Plugins/Interchange/Runtime/Content/gltf/MaterialFunctions/MF_BaseColor.uasset" 528
"../../../Engine/Plugins/Interchange/Runtime/Content/gltf/MaterialFunctions/MF_BaseColor.uexp" 529
"../../../Engine/Plugins/Interchange/Runtime/Content/gltf/MaterialBodies/MF_Unlit_Body.uasset" 530
"../../../Engine/Plugins/Interchange/Runtime/Content/gltf/MaterialBodies/MF_Unlit_Body.uexp" 531
"../../../Engine/Plugins/Interchange/Runtime/Content/gltf/M_Unlit.uasset" 532
"../../../Engine/Plugins/Interchange/Runtime/Content/gltf/M_Unlit.uexp" 533
"../../../Engine/Plugins/Interchange/Runtime/Content/gltf/MaterialInstances/MI_Unlit_Opaque_DS.uasset" 534
"../../../Engine/Plugins/Interchange/Runtime/Content/gltf/MaterialInstances/MI_Unlit_Opaque_DS.uexp" 535
"../../../Engine/Plugins/Interchange/Runtime/Content/gltf/MaterialInstances/MI_Unlit_Opaque.uasset" 536
"../../../Engine/Plugins/Interchange/Runtime/Content/gltf/MaterialInstances/MI_Unlit_Opaque.uexp" 537
"../../../Engine/Plugins/Interchange/Runtime/Content/gltf/MaterialInstances/MI_Unlit_Mask_DS.uasset" 538
"../../../Engine/Plugins/Interchange/Runtime/Content/gltf/MaterialInstances/MI_Unlit_Mask_DS.uexp" 539
"../../../Engine/Plugins/Interchange/Runtime/Content/gltf/MaterialInstances/MI_Unlit_Mask.uasset" 540
"../../../Engine/Plugins/Interchange/Runtime/Content/gltf/MaterialInstances/MI_Unlit_Mask.uexp" 541
"../../../Engine/Plugins/Interchange/Runtime/Content/gltf/MaterialInstances/MI_Unlit_Blend_DS.uasset" 542
"../../../Engine/Plugins/Interchange/Runtime/Content/gltf/MaterialInstances/MI_Unlit_Blend_DS.uexp" 543
"../../../Engine/Plugins/Interchange/Runtime/Content/gltf/MaterialInstances/MI_Unlit_Blend.uasset" 544
"../../../Engine/Plugins/Interchange/Runtime/Content/gltf/MaterialInstances/MI_Unlit_Blend.uexp" 545
"../../../Engine/Plugins/Interchange/Runtime/Content/gltf/MaterialFunctions/MF_Iridescence.uasset" 546
"../../../Engine/Plugins/Interchange/Runtime/Content/gltf/MaterialFunctions/MF_Iridescence.uexp" 547
"../../../Engine/Plugins/Interchange/Runtime/Content/gltf/Textures/T_White_Linear.uasset" 548
"../../../Engine/Plugins/Interchange/Runtime/Content/gltf/Textures/T_White_Linear.uexp" 549
"../../../Engine/Plugins/Interchange/Runtime/Content/gltf/MaterialFunctions/MF_MetallicRoughness.uasset" 550
"../../../Engine/Plugins/Interchange/Runtime/Content/gltf/MaterialFunctions/MF_MetallicRoughness.uexp" 551
"../../../Engine/Plugins/Interchange/Runtime/Content/gltf/MaterialFunctions/MF_Transmission.uasset" 552
"../../../Engine/Plugins/Interchange/Runtime/Content/gltf/MaterialFunctions/MF_Transmission.uexp" 553
"../../../Engine/Plugins/Interchange/Runtime/Content/gltf/MaterialFunctions/MF_Occlusion.uasset" 554
"../../../Engine/Plugins/Interchange/Runtime/Content/gltf/MaterialFunctions/MF_Occlusion.uexp" 555
"../../../Engine/Plugins/Interchange/Runtime/Content/gltf/MaterialFunctions/MF_Specular.uasset" 556
"../../../Engine/Plugins/Interchange/Runtime/Content/gltf/MaterialFunctions/MF_Specular.uexp" 557
"../../../Engine/Plugins/Interchange/Runtime/Content/gltf/MaterialFunctions/MF_IOR.uasset" 558
"../../../Engine/Plugins/Interchange/Runtime/Content/gltf/MaterialFunctions/MF_IOR.uexp" 559
"../../../Engine/Plugins/Interchange/Runtime/Content/gltf/MaterialFunctions/MF_RotateNormals_TS.uasset" 560
"../../../Engine/Plugins/Interchange/Runtime/Content/gltf/MaterialFunctions/MF_RotateNormals_TS.uexp" 561
"../../../Engine/Plugins/Interchange/Runtime/Content/gltf/Textures/T_Generic_N.uasset" 562
"../../../Engine/Plugins/Interchange/Runtime/Content/gltf/Textures/T_Generic_N.uexp" 563
"../../../Engine/Plugins/Interchange/Runtime/Content/gltf/MaterialFunctions/MF_Normals.uasset" 564
"../../../Engine/Plugins/Interchange/Runtime/Content/gltf/MaterialFunctions/MF_Normals.uexp" 565
"../../../Engine/Plugins/Interchange/Runtime/Content/gltf/MaterialBodies/MF_Transmission_Body.uasset" 566
"../../../Engine/Plugins/Interchange/Runtime/Content/gltf/MaterialBodies/MF_Transmission_Body.uexp" 567
"../../../Engine/Plugins/Interchange/Runtime/Content/gltf/M_Transmission.uasset" 568
"../../../Engine/Plugins/Interchange/Runtime/Content/gltf/M_Transmission.uexp" 569
"../../../Engine/Plugins/Interchange/Runtime/Content/gltf/MaterialInstances/MI_Transmission_DS.uasset" 570
"../../../Engine/Plugins/Interchange/Runtime/Content/gltf/MaterialInstances/MI_Transmission_DS.uexp" 571
"../../../Engine/Plugins/Interchange/Runtime/Content/gltf/MaterialInstances/MI_Transmission.uasset" 572
"../../../Engine/Plugins/Interchange/Runtime/Content/gltf/MaterialInstances/MI_Transmission.uexp" 573
"../../../Engine/Plugins/Interchange/Runtime/Content/gltf/MaterialFunctions/MF_DiffuseSpecGloss.uasset" 574
"../../../Engine/Plugins/Interchange/Runtime/Content/gltf/MaterialFunctions/MF_DiffuseSpecGloss.uexp" 575
"../../../Engine/Content/Functions/Engine_MaterialFunctions02/Math/AddComponents.uasset" 576
"../../../Engine/Content/Functions/Engine_MaterialFunctions02/Math/AddComponents.uexp" 577
"../../../Engine/Plugins/Interchange/Runtime/Content/gltf/MaterialFunctions/MF_PerceivedBrightness.uasset" 578
"../../../Engine/Plugins/Interchange/Runtime/Content/gltf/MaterialFunctions/MF_PerceivedBrightness.uexp" 579
"../../../Engine/Plugins/Interchange/Runtime/Content/gltf/MaterialFunctions/MF_Emissive.uasset" 580
"../../../Engine/Plugins/Interchange/Runtime/Content/gltf/MaterialFunctions/MF_Emissive.uexp" 581
"../../../Engine/Plugins/Interchange/Runtime/Content/gltf/MaterialFunctions/MF_SpecGlossToMetalRoughness.uasset" 582
"../../../Engine/Plugins/Interchange/Runtime/Content/gltf/MaterialFunctions/MF_SpecGlossToMetalRoughness.uexp" 583
"../../../Engine/Plugins/Interchange/Runtime/Content/gltf/MaterialBodies/MF_SpecularGlossiness_Body.uasset" 584
"../../../Engine/Plugins/Interchange/Runtime/Content/gltf/MaterialBodies/MF_SpecularGlossiness_Body.uexp" 585
"../../../Engine/Plugins/Interchange/Runtime/Content/gltf/M_SpecularGlossiness.uasset" 586
"../../../Engine/Plugins/Interchange/Runtime/Content/gltf/M_SpecularGlossiness.uexp" 587
"../../../Engine/Plugins/Interchange/Runtime/Content/gltf/MaterialInstances/MI_SpecularGlossiness_Opaque_DS.uasset" 588
"../../../Engine/Plugins/Interchange/Runtime/Content/gltf/MaterialInstances/MI_SpecularGlossiness_Opaque_DS.uexp" 589
"../../../Engine/Plugins/Interchange/Runtime/Content/gltf/MaterialInstances/MI_SpecularGlossiness_Opaque.uasset" 590
"../../../Engine/Plugins/Interchange/Runtime/Content/gltf/MaterialInstances/MI_SpecularGlossiness_Opaque.uexp" 591
"../../../Engine/Plugins/Interchange/Runtime/Content/gltf/MaterialInstances/MI_SpecularGlossiness_Mask_DS.uasset" 592
"../../../Engine/Plugins/Interchange/Runtime/Content/gltf/MaterialInstances/MI_SpecularGlossiness_Mask_DS.uexp" 593
"../../../Engine/Plugins/Interchange/Runtime/Content/gltf/MaterialInstances/MI_SpecularGlossiness_Mask.uasset" 594
"../../../Engine/Plugins/Interchange/Runtime/Content/gltf/MaterialInstances/MI_SpecularGlossiness_Mask.uexp" 595
"../../../Engine/Plugins/Interchange/Runtime/Content/gltf/MaterialInstances/MI_SpecularGlossiness_Blend_DS.uasset" 596
"../../../Engine/Plugins/Interchange/Runtime/Content/gltf/MaterialInstances/MI_SpecularGlossiness_Blend_DS.uexp" 597
"../../../Engine/Plugins/Interchange/Runtime/Content/gltf/MaterialInstances/MI_SpecularGlossiness_Blend.uasset" 598
"../../../Engine/Plugins/Interchange/Runtime/Content/gltf/MaterialInstances/MI_SpecularGlossiness_Blend.uexp" 599
"../../../Engine/Plugins/Interchange/Runtime/Content/gltf/MaterialFunctions/MF_Sheen.uasset" 600
"../../../Engine/Plugins/Interchange/Runtime/Content/gltf/MaterialFunctions/MF_Sheen.uexp" 601
"../../../Engine/Plugins/Interchange/Runtime/Content/gltf/MaterialBodies/MF_Sheen_Body.uasset" 602
"../../../Engine/Plugins/Interchange/Runtime/Content/gltf/MaterialBodies/MF_Sheen_Body.uexp" 603
"../../../Engine/Plugins/Interchange/Runtime/Content/gltf/M_Sheen.uasset" 604
"../../../Engine/Plugins/Interchange/Runtime/Content/gltf/M_Sheen.uexp" 605
"../../../Engine/Plugins/Interchange/Runtime/Content/gltf/MaterialInstances/MI_Sheen_Opaque_DS.uasset" 606
"../../../Engine/Plugins/Interchange/Runtime/Content/gltf/MaterialInstances/MI_Sheen_Opaque_DS.uexp" 607
"../../../Engine/Plugins/Interchange/Runtime/Content/gltf/MaterialInstances/MI_Sheen_Opaque.uasset" 608
"../../../Engine/Plugins/Interchange/Runtime/Content/gltf/MaterialInstances/MI_Sheen_Opaque.uexp" 609
"../../../Engine/Plugins/Interchange/Runtime/Content/gltf/MaterialInstances/MI_Sheen_Mask_DS.uasset" 610
"../../../Engine/Plugins/Interchange/Runtime/Content/gltf/MaterialInstances/MI_Sheen_Mask_DS.uexp" 611
"../../../Engine/Plugins/Interchange/Runtime/Content/gltf/MaterialInstances/MI_Sheen_Mask.uasset" 612
"../../../Engine/Plugins/Interchange/Runtime/Content/gltf/MaterialInstances/MI_Sheen_Mask.uexp" 613
"../../../Engine/Plugins/Interchange/Runtime/Content/gltf/MaterialInstances/MI_Sheen_Blend_DS.uasset" 614
"../../../Engine/Plugins/Interchange/Runtime/Content/gltf/MaterialInstances/MI_Sheen_Blend_DS.uexp" 615
"../../../Engine/Plugins/Interchange/Runtime/Content/gltf/MaterialInstances/MI_Sheen_Blend.uasset" 616
"../../../Engine/Plugins/Interchange/Runtime/Content/gltf/MaterialInstances/MI_Sheen_Blend.uexp" 617
"../../../Engine/Plugins/Interchange/Runtime/Content/gltf/MaterialBodies/MF_Default_Body.uasset" 618
"../../../Engine/Plugins/Interchange/Runtime/Content/gltf/MaterialBodies/MF_Default_Body.uexp" 619
"../../../Engine/Plugins/Interchange/Runtime/Content/gltf/M_Default.uasset" 620
"../../../Engine/Plugins/Interchange/Runtime/Content/gltf/M_Default.uexp" 621
"../../../Engine/Plugins/Interchange/Runtime/Content/gltf/MaterialInstances/MI_Default_Opaque_DS.uasset" 622
"../../../Engine/Plugins/Interchange/Runtime/Content/gltf/MaterialInstances/MI_Default_Opaque_DS.uexp" 623
"../../../Engine/Plugins/Interchange/Runtime/Content/gltf/MaterialInstances/MI_Default_Opaque.uasset" 624
"../../../Engine/Plugins/Interchange/Runtime/Content/gltf/MaterialInstances/MI_Default_Opaque.uexp" 625
"../../../Engine/Plugins/Interchange/Runtime/Content/gltf/MaterialInstances/MI_Default_Mask_DS.uasset" 626
"../../../Engine/Plugins/Interchange/Runtime/Content/gltf/MaterialInstances/MI_Default_Mask_DS.uexp" 627
"../../../Engine/Plugins/Interchange/Runtime/Content/gltf/MaterialInstances/MI_Default_Mask.uasset" 628
"../../../Engine/Plugins/Interchange/Runtime/Content/gltf/MaterialInstances/MI_Default_Mask.uexp" 629
"../../../Engine/Plugins/Interchange/Runtime/Content/gltf/MaterialInstances/MI_Default_Blend_DS.uasset" 630
"../../../Engine/Plugins/Interchange/Runtime/Content/gltf/MaterialInstances/MI_Default_Blend_DS.uexp" 631
"../../../Engine/Plugins/Interchange/Runtime/Content/gltf/MaterialInstances/MI_Default_Blend.uasset" 632
"../../../Engine/Plugins/Interchange/Runtime/Content/gltf/MaterialInstances/MI_Default_Blend.uexp" 633
"../../../Engine/Content/Functions/Engine_MaterialFunctions01/Texturing/FlattenNormal.uasset" 634
"../../../Engine/Content/Functions/Engine_MaterialFunctions01/Texturing/FlattenNormal.uexp" 635
"../../../Engine/Plugins/Interchange/Runtime/Content/gltf/MaterialFunctions/MF_Clearcoat.uasset" 636
"../../../Engine/Plugins/Interchange/Runtime/Content/gltf/MaterialFunctions/MF_Clearcoat.uexp" 637
"../../../Engine/Plugins/Interchange/Runtime/Content/gltf/MaterialBodies/MF_ClearCoat_Body.uasset" 638
"../../../Engine/Plugins/Interchange/Runtime/Content/gltf/MaterialBodies/MF_ClearCoat_Body.uexp" 639
"../../../Engine/Plugins/Interchange/Runtime/Content/gltf/M_ClearCoat.uasset" 640
"../../../Engine/Plugins/Interchange/Runtime/Content/gltf/M_ClearCoat.uexp" 641
"../../../Engine/Plugins/Interchange/Runtime/Content/gltf/MaterialInstances/MI_ClearCoat_Opaque_DS.uasset" 642
"../../../Engine/Plugins/Interchange/Runtime/Content/gltf/MaterialInstances/MI_ClearCoat_Opaque_DS.uexp" 643
"../../../Engine/Plugins/Interchange/Runtime/Content/gltf/MaterialInstances/MI_ClearCoat_Opaque.uasset" 644
"../../../Engine/Plugins/Interchange/Runtime/Content/gltf/MaterialInstances/MI_ClearCoat_Opaque.uexp" 645
"../../../Engine/Plugins/Interchange/Runtime/Content/gltf/MaterialInstances/MI_ClearCoat_Mask_DS.uasset" 646
"../../../Engine/Plugins/Interchange/Runtime/Content/gltf/MaterialInstances/MI_ClearCoat_Mask_DS.uexp" 647
"../../../Engine/Plugins/Interchange/Runtime/Content/gltf/MaterialInstances/MI_ClearCoat_Mask.uasset" 648
"../../../Engine/Plugins/Interchange/Runtime/Content/gltf/MaterialInstances/MI_ClearCoat_Mask.uexp" 649
"../../../Engine/Plugins/Interchange/Runtime/Content/gltf/MaterialInstances/MI_ClearCoat_Blend_DS.uasset" 650
"../../../Engine/Plugins/Interchange/Runtime/Content/gltf/MaterialInstances/MI_ClearCoat_Blend_DS.uexp" 651
"../../../Engine/Plugins/Interchange/Runtime/Content/gltf/MaterialInstances/MI_ClearCoat_Blend.uasset" 652
"../../../Engine/Plugins/Interchange/Runtime/Content/gltf/MaterialInstances/MI_ClearCoat_Blend.uexp" 653
"../../../Engine/Content/MobileResources/HUD/VirtualJoystick_Background.uasset" 654
"../../../Engine/Content/MobileResources/HUD/VirtualJoystick_Background.uexp" 655
"../../../Engine/Content/MobileResources/HUD/VirtualJoystick_Thumb.uasset" 656
"../../../Engine/Content/MobileResources/HUD/VirtualJoystick_Thumb.uexp" 657
"../../../Engine/Content/MobileResources/HUD/DefaultVirtualJoysticks.uasset" 658
"../../../Engine/Content/MobileResources/HUD/DefaultVirtualJoysticks.uexp" 659
"../../../Engine/Content/EngineMaterials/Substrate/Volume/SubstrateSimpleVolumeLUT3D.uasset" 660
"../../../Engine/Content/EngineMaterials/Substrate/Volume/SubstrateSimpleVolumeLUT3D.uexp" 661
"../../../Engine/Content/EngineMaterials/Substrate/Volume/SubstrateSimpleVolumeEnvLUT3D.uasset" 662
"../../../Engine/Content/EngineMaterials/Substrate/Volume/SubstrateSimpleVolumeEnvLUT3D.uexp" 663
"../../../Engine/Content/EngineMaterials/Substrate/GLints2/AGlintTex2dArray2.uasset" 664
"../../../Engine/Content/EngineMaterials/Substrate/GLints2/AGlintTex2dArray2.uexp" 665
"../../../Engine/Content/EngineMaterials/Substrate/GLints/AGlintTex2dArray.uasset" 666
"../../../Engine/Content/EngineMaterials/Substrate/GLints/AGlintTex2dArray.uexp" 667
"../../../Engine/Content/Functions/Engine_MaterialFunctions01/Shading/PowerToRoughness.uasset" 668
"../../../Engine/Content/Functions/Engine_MaterialFunctions01/Shading/PowerToRoughness.uexp" 669
"../../../Engine/Content/Functions/Engine_MaterialFunctions01/Shading/ConvertFromDiffSpec.uasset" 670
"../../../Engine/Content/Functions/Engine_MaterialFunctions01/Shading/ConvertFromDiffSpec.uexp" 671
"../../../Engine/Content/EngineMaterials/DefaultMaterial.uasset" 672
"../../../Engine/Content/EngineMaterials/DefaultMaterial.uexp" 673
"../../../Engine/Content/Maps/Entry_BuiltData.uasset" 674
"../../../Engine/Content/Maps/Entry_BuiltData.uexp" 675
"../../../Engine/Content/Maps/Entry.uexp" 676
"../../../Engine/Content/Maps/Entry.umap" 677
"../../../Engine/Content/BasicShapes/Cube.ubulk" 678
"../../../Engine/Content/BasicShapes/Cube.uasset" 679
"../../../Engine/Content/BasicShapes/Cube.uexp" 680
"../../../Engine/Content/BasicShapes/Cone.ubulk" 681
"../../../Engine/Content/BasicShapes/Cone.uasset" 682
"../../../Engine/Content/BasicShapes/Cone.uexp" 683
"E:/UEProjects/TeamOrcaProjects/IronDefiance/Content/IronDefiance/Blueprints/Actors/TempActors/BPI_Spawner.uasset" 684
"E:/UEProjects/TeamOrcaProjects/IronDefiance/Content/IronDefiance/Blueprints/Actors/TempActors/BPI_Spawner.uexp" 685
"E:/UEProjects/TeamOrcaProjects/IronDefiance/Content/IronDefiance/Blueprints/Actors/TempActors/BPI_Tanks.uasset" 686
"E:/UEProjects/TeamOrcaProjects/IronDefiance/Content/IronDefiance/Blueprints/Actors/TempActors/BPI_Tanks.uexp" 687
"E:/UEProjects/TeamOrcaProjects/IronDefiance/Content/IronDefiance/Blueprints/Actors/TempActors/AIC_Temp.uasset" 688
"E:/UEProjects/TeamOrcaProjects/IronDefiance/Content/IronDefiance/Blueprints/Actors/TempActors/AIC_Temp.uexp" 689
"../../../Engine/Content/BasicShapes/BasicShapeMaterial.uasset" 690
"../../../Engine/Content/BasicShapes/BasicShapeMaterial.uexp" 691
"E:/UEProjects/TeamOrcaProjects/IronDefiance/Content/IronDefiance/Blueprints/Actors/TempActors/BPI_HPBar.uasset" 692
"E:/UEProjects/TeamOrcaProjects/IronDefiance/Content/IronDefiance/Blueprints/Actors/TempActors/BPI_HPBar.uexp" 693
"E:/UEProjects/TeamOrcaProjects/IronDefiance/Content/IronDefiance/UI/Widgets/TempHud/HPBar.uasset" 694
"E:/UEProjects/TeamOrcaProjects/IronDefiance/Content/IronDefiance/UI/Widgets/TempHud/HPBar.uexp" 695
"E:/UEProjects/TeamOrcaProjects/IronDefiance/Content/IronDefiance/Blueprints/Actors/TempActors/BP_TempEnemy.uasset" 696
"E:/UEProjects/TeamOrcaProjects/IronDefiance/Content/IronDefiance/Blueprints/Actors/TempActors/BP_TempEnemy.uexp" 697
"E:/UEProjects/TeamOrcaProjects/IronDefiance/Content/IronDefiance/Blueprints/Actors/TempActors/BP_WaveSpawner.uasset" 698
"E:/UEProjects/TeamOrcaProjects/IronDefiance/Content/IronDefiance/Blueprints/Actors/TempActors/BP_WaveSpawner.uexp" 699
"E:/UEProjects/TeamOrcaProjects/IronDefiance/Content/IronDefiance/Assets/Materials/Environment/TempMats/M_GlowColor.uasset" 700
"E:/UEProjects/TeamOrcaProjects/IronDefiance/Content/IronDefiance/Assets/Materials/Environment/TempMats/M_GlowColor.uexp" 701
"E:/UEProjects/TeamOrcaProjects/IronDefiance/Content/IronDefiance/Assets/Materials/Environment/TempMats/MI_GlowBlue.uasset" 702
"E:/UEProjects/TeamOrcaProjects/IronDefiance/Content/IronDefiance/Assets/Materials/Environment/TempMats/MI_GlowBlue.uexp" 703
"E:/UEProjects/TeamOrcaProjects/IronDefiance/Content/IronDefiance/Blueprints/Controllers/PlayerController/BP_PlayerController.uasset" 704
"E:/UEProjects/TeamOrcaProjects/IronDefiance/Content/IronDefiance/Blueprints/Controllers/PlayerController/BP_PlayerController.uexp" 705
"E:/UEProjects/TeamOrcaProjects/IronDefiance/Content/IronDefiance/Blueprints/Gamemode/BP_HUDIronDefiance.uasset" 706
"E:/UEProjects/TeamOrcaProjects/IronDefiance/Content/IronDefiance/Blueprints/Gamemode/BP_HUDIronDefiance.uexp" 707
"E:/UEProjects/TeamOrcaProjects/IronDefiance/Content/IronDefiance/Blueprints/Characters/Player/TempBP/NewFolder/BPI_TempPlayer.uasset" 708
"E:/UEProjects/TeamOrcaProjects/IronDefiance/Content/IronDefiance/Blueprints/Characters/Player/TempBP/NewFolder/BPI_TempPlayer.uexp" 709
"E:/UEProjects/TeamOrcaProjects/IronDefiance/Content/IronDefiance/Blueprints/Actors/TempActors/BPI_HUD.uasset" 710
"E:/UEProjects/TeamOrcaProjects/IronDefiance/Content/IronDefiance/Blueprints/Actors/TempActors/BPI_HUD.uexp" 711
"../../../Engine/Content/BasicShapes/Sphere.ubulk" 712
"../../../Engine/Content/BasicShapes/Sphere.uasset" 713
"../../../Engine/Content/BasicShapes/Sphere.uexp" 714
"../../../Engine/Content/BasicShapes/Cylinder.ubulk" 715
"../../../Engine/Content/BasicShapes/Cylinder.uasset" 716
"../../../Engine/Content/BasicShapes/Cylinder.uexp" 717
"E:/UEProjects/TeamOrcaProjects/IronDefiance/Content/IronDefiance/Blueprints/Input/InputAction/RMB.uasset" 718
"E:/UEProjects/TeamOrcaProjects/IronDefiance/Content/IronDefiance/Blueprints/Input/InputAction/RMB.uexp" 719
"E:/UEProjects/TeamOrcaProjects/IronDefiance/Content/IronDefiance/Blueprints/Input/InputAction/SwitchToOperator.uasset" 720
"E:/UEProjects/TeamOrcaProjects/IronDefiance/Content/IronDefiance/Blueprints/Input/InputAction/SwitchToOperator.uexp" 721
"E:/UEProjects/TeamOrcaProjects/IronDefiance/Content/IronDefiance/Blueprints/Input/InputAction/Look.uasset" 722
"E:/UEProjects/TeamOrcaProjects/IronDefiance/Content/IronDefiance/Blueprints/Input/InputAction/Look.uexp" 723
"E:/UEProjects/TeamOrcaProjects/IronDefiance/Content/IronDefiance/Blueprints/Input/InputAction/LMB.uasset" 724
"E:/UEProjects/TeamOrcaProjects/IronDefiance/Content/IronDefiance/Blueprints/Input/InputAction/LMB.uexp" 725
"E:/UEProjects/TeamOrcaProjects/IronDefiance/Content/IronDefiance/Blueprints/Input/InputAction/Movement.uasset" 726
"E:/UEProjects/TeamOrcaProjects/IronDefiance/Content/IronDefiance/Blueprints/Input/InputAction/Movement.uexp" 727
"E:/UEProjects/TeamOrcaProjects/IronDefiance/Content/IronDefiance/Blueprints/Input/IM_PlayerMapping.uasset" 728
"E:/UEProjects/TeamOrcaProjects/IronDefiance/Content/IronDefiance/Blueprints/Input/IM_PlayerMapping.uexp" 729
"E:/UEProjects/TeamOrcaProjects/IronDefiance/Content/IronDefiance/Assets/Materials/Props/Temp/M_TempBullet.uasset" 730
"E:/UEProjects/TeamOrcaProjects/IronDefiance/Content/IronDefiance/Assets/Materials/Props/Temp/M_TempBullet.uexp" 731
"E:/UEProjects/TeamOrcaProjects/IronDefiance/Content/IronDefiance/Blueprints/Actors/TempActors/BP_Bullet.uasset" 732
"E:/UEProjects/TeamOrcaProjects/IronDefiance/Content/IronDefiance/Blueprints/Actors/TempActors/BP_Bullet.uexp" 733
"E:/UEProjects/TeamOrcaProjects/IronDefiance/Content/IronDefiance/Blueprints/Actors/TempActors/Target.uasset" 734
"E:/UEProjects/TeamOrcaProjects/IronDefiance/Content/IronDefiance/Blueprints/Actors/TempActors/Target.uexp" 735
"E:/UEProjects/TeamOrcaProjects/IronDefiance/Content/IronDefiance/UI/Widgets/TempHud/W_TempActionHUD.uasset" 736
"E:/UEProjects/TeamOrcaProjects/IronDefiance/Content/IronDefiance/UI/Widgets/TempHud/W_TempActionHUD.uexp" 737
"E:/UEProjects/TeamOrcaProjects/IronDefiance/Content/IronDefiance/Assets/Materials/Character/Temp/M_Range.uasset" 738
"E:/UEProjects/TeamOrcaProjects/IronDefiance/Content/IronDefiance/Assets/Materials/Character/Temp/M_Range.uexp" 739
"E:/UEProjects/TeamOrcaProjects/IronDefiance/Content/IronDefiance/Blueprints/Actors/TempActors/BP_TempTanks.uasset" 740
"E:/UEProjects/TeamOrcaProjects/IronDefiance/Content/IronDefiance/Blueprints/Actors/TempActors/BP_TempTanks.uexp" 741
"E:/UEProjects/TeamOrcaProjects/IronDefiance/Content/IronDefiance/UI/Widgets/TempHud/W_TempHUD.uasset" 742
"E:/UEProjects/TeamOrcaProjects/IronDefiance/Content/IronDefiance/UI/Widgets/TempHud/W_TempHUD.uexp" 743
"E:/UEProjects/TeamOrcaProjects/IronDefiance/Content/IronDefiance/Blueprints/Characters/Player/TempBP/NewFolder/BP_TempPlayer.uasset" 744
"E:/UEProjects/TeamOrcaProjects/IronDefiance/Content/IronDefiance/Blueprints/Characters/Player/TempBP/NewFolder/BP_TempPlayer.uexp" 745
"E:/UEProjects/TeamOrcaProjects/IronDefiance/Content/IronDefiance/Blueprints/Gamemode/BP_GMIronDefiance.uasset" 746
"E:/UEProjects/TeamOrcaProjects/IronDefiance/Content/IronDefiance/Blueprints/Gamemode/BP_GMIronDefiance.uexp" 747
"E:/UEProjects/TeamOrcaProjects/IronDefiance/Content/IronDefiance/Assets/Meshes/Environment/TempMeshes/Box_F13B3E96.ubulk" 748
"E:/UEProjects/TeamOrcaProjects/IronDefiance/Content/IronDefiance/Assets/Meshes/Environment/TempMeshes/Box_F13B3E96.uasset" 749
"E:/UEProjects/TeamOrcaProjects/IronDefiance/Content/IronDefiance/Assets/Meshes/Environment/TempMeshes/Box_F13B3E96.uexp" 750
"../../../Engine/Content/EngineMaterials/BlendFunc_DefBlend.uasset" 751
"../../../Engine/Content/EngineMaterials/BlendFunc_DefBlend.uexp" 752
"../../../Engine/Content/OpenWorldTemplate/LandscapeMaterial/T_GridChecker_A.ubulk" 753
"../../../Engine/Content/OpenWorldTemplate/LandscapeMaterial/T_GridChecker_A.uasset" 754
"../../../Engine/Content/OpenWorldTemplate/LandscapeMaterial/T_GridChecker_A.uexp" 755
"../../../Engine/Content/EngineMaterials/BlendFunc_DefBase.uasset" 756
"../../../Engine/Content/EngineMaterials/BlendFunc_DefBase.uexp" 757
"../../../Engine/Content/Functions/Engine_MaterialFunctions03/Blends/Blend_Overlay.uasset" 758
"../../../Engine/Content/Functions/Engine_MaterialFunctions03/Blends/Blend_Overlay.uexp" 759
"../../../Engine/Content/Functions/Engine_MaterialFunctions01/Gradient/LinearGradient.uasset" 760
"../../../Engine/Content/Functions/Engine_MaterialFunctions01/Gradient/LinearGradient.uexp" 761
"../../../Engine/Content/Functions/Engine_MaterialFunctions01/ImageAdjustment/CheapContrast.uasset" 762
"../../../Engine/Content/Functions/Engine_MaterialFunctions01/ImageAdjustment/CheapContrast.uexp" 763
"../../../Engine/Content/OpenWorldTemplate/LandscapeMaterial/MF_ProcGrid.uasset" 764
"../../../Engine/Content/OpenWorldTemplate/LandscapeMaterial/MF_ProcGrid.uexp" 765
"E:/UEProjects/TeamOrcaProjects/IronDefiance/Content/IronDefiance/Assets/Materials/Environment/TempMats/M_GridBase.uasset" 766
"E:/UEProjects/TeamOrcaProjects/IronDefiance/Content/IronDefiance/Assets/Materials/Environment/TempMats/M_GridBase.uexp" 767
"E:/UEProjects/TeamOrcaProjects/IronDefiance/Content/IronDefiance/Assets/Materials/Environment/TempMats/MI_CleanGrey.uasset" 768
"E:/UEProjects/TeamOrcaProjects/IronDefiance/Content/IronDefiance/Assets/Materials/Environment/TempMats/MI_CleanGrey.uexp" 769
"E:/UEProjects/TeamOrcaProjects/IronDefiance/Content/IronDefiance/Maps/Levels/L_Tutorial.uexp" 770
"E:/UEProjects/TeamOrcaProjects/IronDefiance/Content/IronDefiance/Maps/Levels/L_Tutorial.umap" 771
